mode: atomic
github.com/notmiguelalves/anypipe/pkg/wrapper/docker.go:34.86,36.16 2 0
github.com/notmiguelalves/anypipe/pkg/wrapper/docker.go:36.16,38.3 1 0
github.com/notmiguelalves/anypipe/pkg/wrapper/docker.go:40.2,43.8 1 0
github.com/notmiguelalves/anypipe/pkg/wrapper/docker.go:46.101,48.2 1 0
github.com/notmiguelalves/anypipe/pkg/wrapper/docker.go:50.101,52.2 1 0
github.com/notmiguelalves/anypipe/pkg/wrapper/docker.go:54.102,56.2 1 0
github.com/notmiguelalves/anypipe/pkg/wrapper/docker.go:58.99,60.2 1 0
github.com/notmiguelalves/anypipe/pkg/wrapper/docker.go:62.121,64.2 1 0
github.com/notmiguelalves/anypipe/pkg/wrapper/docker.go:66.129,68.2 1 0
github.com/notmiguelalves/anypipe/pkg/wrapper/docker.go:70.101,72.2 1 0
github.com/notmiguelalves/anypipe/pkg/wrapper/docker.go:74.93,76.2 1 0
github.com/notmiguelalves/anypipe/pkg/wrapper/docker.go:78.138,80.2 1 0
github.com/notmiguelalves/anypipe/pkg/wrapper/docker.go:82.116,84.2 1 0
github.com/notmiguelalves/anypipe/pkg/wrapper/docker.go:86.40,88.2 1 0
github.com/notmiguelalves/anypipe/pkg/wrapper/docker_mock.go:34.69,38.2 3 0
github.com/notmiguelalves/anypipe/pkg/wrapper/docker_mock.go:41.67,43.2 1 0
github.com/notmiguelalves/anypipe/pkg/wrapper/docker_mock.go:46.42,51.2 4 0
github.com/notmiguelalves/anypipe/pkg/wrapper/docker_mock.go:54.62,57.2 2 0
github.com/notmiguelalves/anypipe/pkg/wrapper/docker_mock.go:60.104,66.2 5 0
github.com/notmiguelalves/anypipe/pkg/wrapper/docker_mock.go:69.82,72.2 2 0
github.com/notmiguelalves/anypipe/pkg/wrapper/docker_mock.go:75.131,81.2 5 0
github.com/notmiguelalves/anypipe/pkg/wrapper/docker_mock.go:84.94,87.2 2 0
github.com/notmiguelalves/anypipe/pkg/wrapper/docker_mock.go:90.123,96.2 5 0
github.com/notmiguelalves/anypipe/pkg/wrapper/docker_mock.go:99.98,102.2 2 0
github.com/notmiguelalves/anypipe/pkg/wrapper/docker_mock.go:105.95,111.2 5 0
github.com/notmiguelalves/anypipe/pkg/wrapper/docker_mock.go:114.87,117.2 2 0
github.com/notmiguelalves/anypipe/pkg/wrapper/docker_mock.go:120.103,125.2 4 0
github.com/notmiguelalves/anypipe/pkg/wrapper/docker_mock.go:128.93,131.2 2 0
github.com/notmiguelalves/anypipe/pkg/wrapper/docker_mock.go:134.103,139.2 4 0
github.com/notmiguelalves/anypipe/pkg/wrapper/docker_mock.go:142.96,145.2 2 0
github.com/notmiguelalves/anypipe/pkg/wrapper/docker_mock.go:148.101,153.2 4 0
github.com/notmiguelalves/anypipe/pkg/wrapper/docker_mock.go:156.95,159.2 2 0
github.com/notmiguelalves/anypipe/pkg/wrapper/docker_mock.go:162.118,169.2 6 0
github.com/notmiguelalves/anypipe/pkg/wrapper/docker_mock.go:172.98,175.2 2 0
github.com/notmiguelalves/anypipe/pkg/wrapper/docker_mock.go:178.140,183.2 4 0
github.com/notmiguelalves/anypipe/pkg/wrapper/docker_mock.go:186.114,189.2 2 0
github.com/notmiguelalves/anypipe/pkg/wrapper/docker_mock.go:192.103,198.2 5 0
github.com/notmiguelalves/anypipe/pkg/wrapper/docker_mock.go:201.85,204.2 2 0
github.com/notmiguelalves/anypipe/pkg/utils/utils.go:11.46,18.80 4 1
github.com/notmiguelalves/anypipe/pkg/utils/utils.go:18.80,19.17 1 1
github.com/notmiguelalves/anypipe/pkg/utils/utils.go:19.17,21.4 1 0
github.com/notmiguelalves/anypipe/pkg/utils/utils.go:23.3,24.17 2 1
github.com/notmiguelalves/anypipe/pkg/utils/utils.go:24.17,26.4 1 0
github.com/notmiguelalves/anypipe/pkg/utils/utils.go:28.3,29.17 2 1
github.com/notmiguelalves/anypipe/pkg/utils/utils.go:29.17,31.4 1 0
github.com/notmiguelalves/anypipe/pkg/utils/utils.go:32.3,34.48 2 1
github.com/notmiguelalves/anypipe/pkg/utils/utils.go:34.48,36.4 1 0
github.com/notmiguelalves/anypipe/pkg/utils/utils.go:38.3,38.18 1 1
github.com/notmiguelalves/anypipe/pkg/utils/utils.go:38.18,40.18 2 1
github.com/notmiguelalves/anypipe/pkg/utils/utils.go:40.18,42.5 1 0
github.com/notmiguelalves/anypipe/pkg/utils/utils.go:43.4,46.18 3 1
github.com/notmiguelalves/anypipe/pkg/utils/utils.go:46.18,48.5 1 0
github.com/notmiguelalves/anypipe/pkg/utils/utils.go:50.3,50.13 1 1
github.com/notmiguelalves/anypipe/pkg/utils/utils.go:53.2,53.18 1 1
github.com/notmiguelalves/anypipe/pkg/utils/utils.go:56.52,59.6 2 1
github.com/notmiguelalves/anypipe/pkg/utils/utils.go:59.6,62.10 2 2
github.com/notmiguelalves/anypipe/pkg/utils/utils.go:63.22,64.14 1 1
github.com/notmiguelalves/anypipe/pkg/utils/utils.go:66.19,67.14 1 0
github.com/notmiguelalves/anypipe/pkg/utils/utils.go:69.22,70.12 1 0
github.com/notmiguelalves/anypipe/pkg/utils/utils.go:73.3,75.26 2 1
github.com/notmiguelalves/anypipe/pkg/utils/utils.go:76.20,77.45 1 0
github.com/notmiguelalves/anypipe/pkg/utils/utils.go:77.45,78.53 1 0
github.com/notmiguelalves/anypipe/pkg/utils/utils.go:78.53,80.6 1 0
github.com/notmiguelalves/anypipe/pkg/utils/utils.go:83.20,85.18 2 1
github.com/notmiguelalves/anypipe/pkg/utils/utils.go:85.18,87.5 1 0
github.com/notmiguelalves/anypipe/pkg/utils/utils.go:89.4,89.44 1 1
github.com/notmiguelalves/anypipe/pkg/utils/utils.go:89.44,91.5 1 0
github.com/notmiguelalves/anypipe/pkg/utils/utils.go:94.4,94.17 1 1
github.com/notmiguelalves/anypipe/pkg/dockerutils/container.go:13.40,15.2 1 10
github.com/notmiguelalves/anypipe/pkg/dockerutils/container.go:17.36,19.32 2 16
github.com/notmiguelalves/anypipe/pkg/dockerutils/container.go:19.32,21.3 1 11
github.com/notmiguelalves/anypipe/pkg/dockerutils/container.go:23.2,23.12 1 16
github.com/notmiguelalves/anypipe/pkg/dockerutils/container.go:26.47,28.2 1 4
github.com/notmiguelalves/anypipe/pkg/dockerutils/container.go:30.43,32.2 1 2
github.com/notmiguelalves/anypipe/pkg/dockerutils/docker.go:25.74,27.16 2 1
github.com/notmiguelalves/anypipe/pkg/dockerutils/docker.go:27.16,30.3 2 0
github.com/notmiguelalves/anypipe/pkg/dockerutils/docker.go:32.2,35.8 1 1
github.com/notmiguelalves/anypipe/pkg/dockerutils/docker.go:38.80,43.2 1 18
github.com/notmiguelalves/anypipe/pkg/dockerutils/docker.go:45.38,48.41 2 4
github.com/notmiguelalves/anypipe/pkg/dockerutils/docker.go:48.41,57.17 3 5
github.com/notmiguelalves/anypipe/pkg/dockerutils/docker.go:57.17,59.4 1 2
github.com/notmiguelalves/anypipe/pkg/dockerutils/docker.go:62.2,62.32 1 4
github.com/notmiguelalves/anypipe/pkg/dockerutils/docker.go:65.52,67.16 2 7
github.com/notmiguelalves/anypipe/pkg/dockerutils/docker.go:67.16,70.3 2 2
github.com/notmiguelalves/anypipe/pkg/dockerutils/docker.go:71.2,74.16 3 5
github.com/notmiguelalves/anypipe/pkg/dockerutils/docker.go:74.16,77.3 2 0
github.com/notmiguelalves/anypipe/pkg/dockerutils/docker.go:79.2,80.26 2 5
github.com/notmiguelalves/anypipe/pkg/dockerutils/docker.go:80.26,82.3 1 8
github.com/notmiguelalves/anypipe/pkg/dockerutils/docker.go:84.2,84.12 1 5
github.com/notmiguelalves/anypipe/pkg/dockerutils/docker.go:87.74,89.16 2 5
github.com/notmiguelalves/anypipe/pkg/dockerutils/docker.go:89.16,92.3 2 1
github.com/notmiguelalves/anypipe/pkg/dockerutils/docker.go:94.2,99.16 2 4
github.com/notmiguelalves/anypipe/pkg/dockerutils/docker.go:99.16,102.3 2 1
github.com/notmiguelalves/anypipe/pkg/dockerutils/docker.go:104.2,111.87 4 3
github.com/notmiguelalves/anypipe/pkg/dockerutils/docker.go:111.87,114.3 2 1
github.com/notmiguelalves/anypipe/pkg/dockerutils/docker.go:116.2,117.16 2 2
github.com/notmiguelalves/anypipe/pkg/dockerutils/docker.go:120.111,126.16 4 12
github.com/notmiguelalves/anypipe/pkg/dockerutils/docker.go:126.16,129.3 2 1
github.com/notmiguelalves/anypipe/pkg/dockerutils/docker.go:131.2,132.16 2 11
github.com/notmiguelalves/anypipe/pkg/dockerutils/docker.go:132.16,135.3 2 1
github.com/notmiguelalves/anypipe/pkg/dockerutils/docker.go:136.2,139.16 3 10
github.com/notmiguelalves/anypipe/pkg/dockerutils/docker.go:139.16,142.3 2 1
github.com/notmiguelalves/anypipe/pkg/dockerutils/docker.go:144.2,148.16 4 9
github.com/notmiguelalves/anypipe/pkg/dockerutils/docker.go:148.16,151.3 2 0
github.com/notmiguelalves/anypipe/pkg/dockerutils/docker.go:153.2,154.16 2 9
github.com/notmiguelalves/anypipe/pkg/dockerutils/docker.go:154.16,157.3 2 1
github.com/notmiguelalves/anypipe/pkg/dockerutils/docker.go:159.2,161.8 2 8
github.com/notmiguelalves/anypipe/pkg/dockerutils/docker.go:164.76,166.16 2 3
github.com/notmiguelalves/anypipe/pkg/dockerutils/docker.go:166.16,169.3 2 0
github.com/notmiguelalves/anypipe/pkg/dockerutils/docker.go:171.2,172.16 2 3
github.com/notmiguelalves/anypipe/pkg/dockerutils/docker.go:172.16,174.3 1 1
github.com/notmiguelalves/anypipe/pkg/dockerutils/docker.go:176.2,176.12 1 2
github.com/notmiguelalves/anypipe/pkg/dockerutils/docker.go:179.78,181.16 2 3
github.com/notmiguelalves/anypipe/pkg/dockerutils/docker.go:181.16,184.3 2 1
github.com/notmiguelalves/anypipe/pkg/dockerutils/docker.go:186.2,187.16 2 2
github.com/notmiguelalves/anypipe/pkg/dockerutils/docker.go:187.16,190.3 2 0
github.com/notmiguelalves/anypipe/pkg/dockerutils/docker.go:192.2,192.12 1 2
github.com/notmiguelalves/anypipe/pkg/wrapper/docker.go:34.86,36.16 2 1
github.com/notmiguelalves/anypipe/pkg/wrapper/docker.go:36.16,38.3 1 0
github.com/notmiguelalves/anypipe/pkg/wrapper/docker.go:40.2,43.8 1 1
github.com/notmiguelalves/anypipe/pkg/wrapper/docker.go:46.101,48.2 1 1
github.com/notmiguelalves/anypipe/pkg/wrapper/docker.go:50.101,52.2 1 1
github.com/notmiguelalves/anypipe/pkg/wrapper/docker.go:54.102,56.2 1 1
github.com/notmiguelalves/anypipe/pkg/wrapper/docker.go:58.99,60.2 1 1
github.com/notmiguelalves/anypipe/pkg/wrapper/docker.go:62.121,64.2 1 7
github.com/notmiguelalves/anypipe/pkg/wrapper/docker.go:66.129,68.2 1 7
github.com/notmiguelalves/anypipe/pkg/wrapper/docker.go:70.101,72.2 1 7
github.com/notmiguelalves/anypipe/pkg/wrapper/docker.go:74.93,76.2 1 7
github.com/notmiguelalves/anypipe/pkg/wrapper/docker.go:78.138,80.2 1 1
github.com/notmiguelalves/anypipe/pkg/wrapper/docker.go:82.116,84.2 1 1
github.com/notmiguelalves/anypipe/pkg/wrapper/docker.go:86.40,88.2 1 1
github.com/notmiguelalves/anypipe/pkg/wrapper/docker_mock.go:34.69,38.2 3 18
github.com/notmiguelalves/anypipe/pkg/wrapper/docker_mock.go:41.67,43.2 1 37
github.com/notmiguelalves/anypipe/pkg/wrapper/docker_mock.go:46.42,51.2 4 3
github.com/notmiguelalves/anypipe/pkg/wrapper/docker_mock.go:54.62,57.2 2 3
github.com/notmiguelalves/anypipe/pkg/wrapper/docker_mock.go:60.104,66.2 5 3
github.com/notmiguelalves/anypipe/pkg/wrapper/docker_mock.go:69.82,72.2 2 3
github.com/notmiguelalves/anypipe/pkg/wrapper/docker_mock.go:75.131,81.2 5 4
github.com/notmiguelalves/anypipe/pkg/wrapper/docker_mock.go:84.94,87.2 2 4
github.com/notmiguelalves/anypipe/pkg/wrapper/docker_mock.go:90.123,96.2 5 5
github.com/notmiguelalves/anypipe/pkg/wrapper/docker_mock.go:99.98,102.2 2 5
github.com/notmiguelalves/anypipe/pkg/wrapper/docker_mock.go:105.95,111.2 5 2
github.com/notmiguelalves/anypipe/pkg/wrapper/docker_mock.go:114.87,117.2 2 2
github.com/notmiguelalves/anypipe/pkg/wrapper/docker_mock.go:120.103,125.2 4 3
github.com/notmiguelalves/anypipe/pkg/wrapper/docker_mock.go:128.93,131.2 2 3
github.com/notmiguelalves/anypipe/pkg/wrapper/docker_mock.go:134.103,139.2 4 4
github.com/notmiguelalves/anypipe/pkg/wrapper/docker_mock.go:142.96,145.2 2 5
github.com/notmiguelalves/anypipe/pkg/wrapper/docker_mock.go:148.101,153.2 4 2
github.com/notmiguelalves/anypipe/pkg/wrapper/docker_mock.go:156.95,159.2 2 2
github.com/notmiguelalves/anypipe/pkg/wrapper/docker_mock.go:162.118,169.2 6 2
github.com/notmiguelalves/anypipe/pkg/wrapper/docker_mock.go:172.98,175.2 2 2
github.com/notmiguelalves/anypipe/pkg/wrapper/docker_mock.go:178.140,183.2 4 2
github.com/notmiguelalves/anypipe/pkg/wrapper/docker_mock.go:186.114,189.2 2 2
github.com/notmiguelalves/anypipe/pkg/wrapper/docker_mock.go:192.103,198.2 5 6
github.com/notmiguelalves/anypipe/pkg/wrapper/docker_mock.go:201.85,204.2 2 6
